2025-10-26 10:51:59.865 [info] Reading sessions from keychain...
2025-10-26 10:51:59.865 [info] Getting sessions for all scopes...
2025-10-26 10:51:59.865 [info] Got 0 sessions for ...
2025-10-26 10:51:59.865 [info] Getting sessions for all scopes...
2025-10-26 10:51:59.865 [info] Got 0 sessions for ...
2025-10-26 10:51:59.865 [info] Getting sessions for all scopes...
2025-10-26 10:51:59.865 [info] Got 0 sessions for ...
2025-10-26 10:51:59.865 [info] Getting sessions for all scopes...
2025-10-26 10:51:59.865 [info] Got 0 sessions for ...
2025-10-26 10:51:59.865 [info] Getting sessions for all scopes...
2025-10-26 10:51:59.865 [info] Got 0 sessions for ...
2025-10-26 10:51:59.865 [info] Getting sessions for all scopes...
2025-10-26 10:51:59.865 [info] Got 0 sessions for ...
2025-10-26 10:51:59.865 [info] Getting sessions for all scopes...
2025-10-26 10:51:59.865 [info] Got 0 sessions for ...
2025-10-26 10:51:59.865 [info] Getting sessions for all scopes...
2025-10-26 10:51:59.865 [info] Got 0 sessions for ...
2025-10-26 10:51:59.871 [info] Getting sessions for all scopes...
2025-10-26 10:51:59.871 [info] Got 0 sessions for ...
2025-10-26 10:51:59.887 [info] Getting sessions for all scopes...
2025-10-26 10:51:59.887 [info] Got 0 sessions for ...
2025-10-26 10:51:59.887 [info] Getting sessions for all scopes...
2025-10-26 10:51:59.887 [info] Got 0 sessions for ...
2025-10-26 10:51:59.887 [info] Getting sessions for all scopes...
2025-10-26 10:51:59.887 [info] Got 0 sessions for ...
2025-10-26 10:51:59.887 [info] Getting sessions for all scopes...
2025-10-26 10:51:59.887 [info] Got 0 sessions for ...
2025-10-26 10:51:59.887 [info] Getting sessions for all scopes...
2025-10-26 10:51:59.887 [info] Got 0 sessions for ...
2025-10-26 10:51:59.896 [info] Getting sessions for all scopes...
2025-10-26 10:51:59.896 [info] Got 0 sessions for ...
2025-10-26 10:52:00.433 [info] Getting sessions for all scopes...
2025-10-26 10:52:00.433 [info] Got 0 sessions for ...
2025-10-26 10:52:01.220 [info] Getting sessions for all scopes...
2025-10-26 10:52:01.220 [info] Got 0 sessions for ...
2025-10-26 10:52:01.220 [info] Getting sessions for all scopes...
2025-10-26 10:52:01.220 [info] Got 0 sessions for ...
2025-10-26 10:52:01.223 [info] Getting sessions for all scopes...
2025-10-26 10:52:01.224 [info] Got 0 sessions for ...
2025-10-26 10:52:04.037 [info] Getting sessions for all scopes...
2025-10-26 10:52:04.037 [info] Got 0 sessions for ...
2025-10-26 10:52:04.971 [info] Getting sessions for read:user,repo,user:email,workflow...
2025-10-26 10:52:04.971 [info] Got 0 sessions for read:user,repo,user:email,workflow...
2025-10-26 10:52:05.642 [info] Getting sessions for read:user,repo,user:email,workflow...
2025-10-26 10:52:05.642 [info] Got 0 sessions for read:user,repo,user:email,workflow...
2025-10-26 10:52:05.962 [info] Getting sessions for read:user,repo,user:email,workflow...
2025-10-26 10:52:05.962 [info] Got 0 sessions for read:user,repo,user:email,workflow...
