2025-10-27 07:13:34.048 [info] Reading sessions from keychain...
2025-10-27 07:13:34.048 [info] Getting sessions for all scopes...
2025-10-27 07:13:34.048 [info] Got 0 sessions for ...
2025-10-27 07:13:34.048 [info] Getting sessions for all scopes...
2025-10-27 07:13:34.048 [info] Got 0 sessions for ...
2025-10-27 07:13:34.048 [info] Getting sessions for all scopes...
2025-10-27 07:13:34.048 [info] Got 0 sessions for ...
2025-10-27 07:13:34.048 [info] Getting sessions for all scopes...
2025-10-27 07:13:34.048 [info] Got 0 sessions for ...
2025-10-27 07:13:34.048 [info] Getting sessions for all scopes...
2025-10-27 07:13:34.048 [info] Got 0 sessions for ...
2025-10-27 07:13:34.048 [info] Getting sessions for all scopes...
2025-10-27 07:13:34.048 [info] Got 0 sessions for ...
2025-10-27 07:13:34.048 [info] Getting sessions for all scopes...
2025-10-27 07:13:34.048 [info] Got 0 sessions for ...
2025-10-27 07:13:34.048 [info] Getting sessions for all scopes...
2025-10-27 07:13:34.048 [info] Got 0 sessions for ...
2025-10-27 07:13:34.048 [info] Getting sessions for all scopes...
2025-10-27 07:13:34.048 [info] Got 0 sessions for ...
2025-10-27 07:13:34.129 [info] Getting sessions for all scopes...
2025-10-27 07:13:34.129 [info] Got 0 sessions for ...
2025-10-27 07:13:34.130 [info] Getting sessions for all scopes...
2025-10-27 07:13:34.130 [info] Got 0 sessions for ...
2025-10-27 07:13:34.130 [info] Getting sessions for all scopes...
2025-10-27 07:13:34.130 [info] Got 0 sessions for ...
2025-10-27 07:13:34.130 [info] Getting sessions for all scopes...
2025-10-27 07:13:34.130 [info] Got 0 sessions for ...
2025-10-27 07:13:34.130 [info] Getting sessions for all scopes...
2025-10-27 07:13:34.130 [info] Got 0 sessions for ...
2025-10-27 07:13:34.130 [info] Getting sessions for all scopes...
2025-10-27 07:13:34.130 [info] Got 0 sessions for ...
2025-10-27 07:13:34.251 [info] Getting sessions for all scopes...
2025-10-27 07:13:34.251 [info] Got 0 sessions for ...
2025-10-27 07:13:34.706 [info] Getting sessions for read:user,repo,user:email,workflow...
2025-10-27 07:13:34.706 [info] Got 0 sessions for read:user,repo,user:email,workflow...
2025-10-27 07:13:35.114 [info] Getting sessions for all scopes...
2025-10-27 07:13:35.115 [info] Got 0 sessions for ...
2025-10-27 07:13:35.115 [info] Getting sessions for all scopes...
2025-10-27 07:13:35.115 [info] Got 0 sessions for ...
2025-10-27 07:13:35.120 [info] Getting sessions for all scopes...
2025-10-27 07:13:35.120 [info] Got 0 sessions for ...
2025-10-27 08:15:59.674 [info] Getting sessions for read:user,repo,user:email,workflow...
2025-10-27 08:15:59.674 [info] Got 0 sessions for read:user,repo,user:email,workflow...
