2025-10-27 17:54:04.859 [info] Reading sessions from keychain...
2025-10-27 17:54:04.859 [info] Getting sessions for all scopes...
2025-10-27 17:54:04.859 [info] Got 0 sessions for ...
2025-10-27 17:54:04.859 [info] Getting sessions for all scopes...
2025-10-27 17:54:04.859 [info] Got 0 sessions for ...
2025-10-27 17:54:04.859 [info] Getting sessions for all scopes...
2025-10-27 17:54:04.859 [info] Got 0 sessions for ...
2025-10-27 17:54:04.859 [info] Getting sessions for all scopes...
2025-10-27 17:54:04.859 [info] Got 0 sessions for ...
2025-10-27 17:54:04.859 [info] Getting sessions for all scopes...
2025-10-27 17:54:04.859 [info] Got 0 sessions for ...
2025-10-27 17:54:04.859 [info] Getting sessions for all scopes...
2025-10-27 17:54:04.859 [info] Got 0 sessions for ...
2025-10-27 17:54:04.859 [info] Getting sessions for all scopes...
2025-10-27 17:54:04.859 [info] Got 0 sessions for ...
2025-10-27 17:54:04.859 [info] Getting sessions for all scopes...
2025-10-27 17:54:04.859 [info] Got 0 sessions for ...
2025-10-27 17:54:04.859 [info] Getting sessions for all scopes...
2025-10-27 17:54:04.859 [info] Got 0 sessions for ...
2025-10-27 17:54:04.859 [info] Getting sessions for all scopes...
2025-10-27 17:54:04.859 [info] Got 0 sessions for ...
2025-10-27 17:54:04.859 [info] Getting sessions for all scopes...
2025-10-27 17:54:04.859 [info] Got 0 sessions for ...
2025-10-27 17:54:04.859 [info] Getting sessions for all scopes...
2025-10-27 17:54:04.859 [info] Got 0 sessions for ...
2025-10-27 17:54:04.859 [info] Getting sessions for all scopes...
2025-10-27 17:54:04.859 [info] Got 0 sessions for ...
2025-10-27 17:54:04.859 [info] Getting sessions for all scopes...
2025-10-27 17:54:04.859 [info] Got 0 sessions for ...
2025-10-27 17:54:04.859 [info] Getting sessions for all scopes...
2025-10-27 17:54:04.859 [info] Got 0 sessions for ...
2025-10-27 17:54:04.859 [info] Getting sessions for all scopes...
2025-10-27 17:54:04.859 [info] Got 0 sessions for ...
2025-10-27 17:54:04.859 [info] Getting sessions for all scopes...
2025-10-27 17:54:04.859 [info] Got 0 sessions for ...
2025-10-27 17:54:04.859 [info] Getting sessions for all scopes...
2025-10-27 17:54:04.859 [info] Got 0 sessions for ...
2025-10-27 17:54:04.859 [info] Getting sessions for all scopes...
2025-10-27 17:54:04.859 [info] Got 0 sessions for ...
2025-10-27 17:54:05.574 [info] Getting sessions for read:user,repo,user:email,workflow...
2025-10-27 17:54:05.574 [info] Got 0 sessions for read:user,repo,user:email,workflow...
2025-10-27 17:54:05.885 [info] Getting sessions for all scopes...
2025-10-27 17:54:05.885 [info] Got 0 sessions for ...
