2025-10-29 23:07:51.451 [info] Reading sessions from keychain...
2025-10-29 23:07:51.451 [info] Getting sessions for all scopes...
2025-10-29 23:07:51.451 [info] Got 0 sessions for ...
2025-10-29 23:07:51.451 [info] Getting sessions for all scopes...
2025-10-29 23:07:51.451 [info] Got 0 sessions for ...
2025-10-29 23:07:51.451 [info] Getting sessions for all scopes...
2025-10-29 23:07:51.451 [info] Got 0 sessions for ...
2025-10-29 23:07:51.451 [info] Getting sessions for all scopes...
2025-10-29 23:07:51.451 [info] Got 0 sessions for ...
2025-10-29 23:07:51.451 [info] Getting sessions for all scopes...
2025-10-29 23:07:51.451 [info] Got 0 sessions for ...
2025-10-29 23:07:51.451 [info] Getting sessions for all scopes...
2025-10-29 23:07:51.451 [info] Got 0 sessions for ...
2025-10-29 23:07:51.451 [info] Getting sessions for all scopes...
2025-10-29 23:07:51.451 [info] Got 0 sessions for ...
2025-10-29 23:07:51.451 [info] Getting sessions for all scopes...
2025-10-29 23:07:51.451 [info] Got 0 sessions for ...
2025-10-29 23:07:51.451 [info] Getting sessions for all scopes...
2025-10-29 23:07:51.451 [info] Got 0 sessions for ...
2025-10-29 23:07:51.451 [info] Getting sessions for all scopes...
2025-10-29 23:07:51.451 [info] Got 0 sessions for ...
2025-10-29 23:07:51.451 [info] Getting sessions for all scopes...
2025-10-29 23:07:51.451 [info] Got 0 sessions for ...
2025-10-29 23:07:51.451 [info] Getting sessions for all scopes...
2025-10-29 23:07:51.451 [info] Got 0 sessions for ...
2025-10-29 23:07:51.451 [info] Getting sessions for all scopes...
2025-10-29 23:07:51.451 [info] Got 0 sessions for ...
2025-10-29 23:07:51.451 [info] Getting sessions for all scopes...
2025-10-29 23:07:51.451 [info] Got 0 sessions for ...
2025-10-29 23:07:51.451 [info] Getting sessions for all scopes...
2025-10-29 23:07:51.451 [info] Got 0 sessions for ...
2025-10-29 23:07:51.451 [info] Getting sessions for all scopes...
2025-10-29 23:07:51.451 [info] Got 0 sessions for ...
2025-10-29 23:07:51.451 [info] Getting sessions for all scopes...
2025-10-29 23:07:51.451 [info] Got 0 sessions for ...
2025-10-29 23:07:51.451 [info] Getting sessions for all scopes...
2025-10-29 23:07:51.451 [info] Got 0 sessions for ...
2025-10-29 23:07:51.451 [info] Getting sessions for all scopes...
2025-10-29 23:07:51.451 [info] Got 0 sessions for ...
2025-10-29 23:07:51.817 [info] Getting sessions for read:user,repo,user:email,workflow...
2025-10-29 23:07:51.817 [info] Got 0 sessions for read:user,repo,user:email,workflow...
2025-10-29 23:07:52.178 [info] Getting sessions for all scopes...
2025-10-29 23:07:52.178 [info] Got 0 sessions for ...
2025-10-29 23:19:11.386 [info] Getting sessions for all scopes...
2025-10-29 23:19:11.387 [info] Got 0 sessions for ...
