2025-10-27 12:44:22.764 [info] Latency measurements for local backend
window<->ptyhost (message port): 0.30ms
window<->ptyhostservice<->ptyhost: 1.10ms
ptyhostservice<->ptyhost: 0.39ms []
2025-10-27 12:44:47.248 [info] Latency measurements for local backend
window<->ptyhost (message port): 0.40ms
window<->ptyhostservice<->ptyhost: 0.70ms
ptyhostservice<->ptyhost: 0.28ms []
2025-10-27 12:45:07.413 [info] Latency measurements for local backend
window<->ptyhost (message port): 0.40ms
window<->ptyhostservice<->ptyhost: 1.80ms
ptyhostservice<->ptyhost: 1.08ms []
2025-10-27 17:50:59.589 [info] Latency measurements for local backend
window<->ptyhost (message port): 2.00ms
window<->ptyhostservice<->ptyhost: 2.10ms
ptyhostservice<->ptyhost: 0.78ms []
2025-10-27 17:51:15.186 [info] Latency measurements for local backend
window<->ptyhost (message port): 0.40ms
window<->ptyhostservice<->ptyhost: 1.10ms
ptyhostservice<->ptyhost: 0.43ms []
2025-10-27 17:55:40.808 [info] Latency measurements for local backend
window<->ptyhost (message port): 0.50ms
window<->ptyhostservice<->ptyhost: 1.00ms
ptyhostservice<->ptyhost: 0.39ms []
2025-10-27 17:55:44.387 [error] Exception occurred during xterm disposal [{}]
2025-10-27 17:57:37.893 [info] Latency measurements for local backend
window<->ptyhost (message port): 3.50ms
window<->ptyhostservice<->ptyhost: 1.30ms
ptyhostservice<->ptyhost: 0.43ms []
2025-10-27 17:58:20.898 [info] Latency measurements for local backend
window<->ptyhost (message port): 0.50ms
window<->ptyhostservice<->ptyhost: 1.20ms
ptyhostservice<->ptyhost: 0.44ms []
2025-10-27 17:58:28.000 [info] Latency measurements for local backend
window<->ptyhost (message port): 0.60ms
window<->ptyhostservice<->ptyhost: 0.90ms
ptyhostservice<->ptyhost: 0.55ms []
2025-10-27 18:02:59.443 [info] Latency measurements for local backend
window<->ptyhost (message port): 0.80ms
window<->ptyhostservice<->ptyhost: 1.30ms
ptyhostservice<->ptyhost: 0.51ms []
2025-10-27 18:03:20.380 [info] Latency measurements for local backend
window<->ptyhost (message port): 1.10ms
window<->ptyhostservice<->ptyhost: 1.40ms
ptyhostservice<->ptyhost: 0.62ms []
2025-10-27 18:06:32.023 [info] Latency measurements for local backend
window<->ptyhost (message port): 2.40ms
window<->ptyhostservice<->ptyhost: 2.60ms
ptyhostservice<->ptyhost: 1.20ms []
2025-10-27 18:10:45.078 [info] Latency measurements for local backend
window<->ptyhost (message port): 0.70ms
window<->ptyhostservice<->ptyhost: 0.70ms
ptyhostservice<->ptyhost: 0.30ms []
2025-10-27 18:25:18.731 [info] Latency measurements for local backend
window<->ptyhost (message port): 1.80ms
window<->ptyhostservice<->ptyhost: 0.90ms
ptyhostservice<->ptyhost: 0.40ms []
