2025-10-26 10:21:38.189 [info] Reading sessions from keychain...
2025-10-26 10:21:38.189 [info] Getting sessions for all scopes...
2025-10-26 10:21:38.238 [info] Got 0 sessions for ...
2025-10-26 10:21:38.238 [info] Getting sessions for all scopes...
2025-10-26 10:21:38.238 [info] Got 0 sessions for ...
2025-10-26 10:21:38.238 [info] Getting sessions for all scopes...
2025-10-26 10:21:38.238 [info] Got 0 sessions for ...
2025-10-26 10:21:38.238 [info] Getting sessions for all scopes...
2025-10-26 10:21:38.238 [info] Got 0 sessions for ...
2025-10-26 10:21:38.238 [info] Getting sessions for all scopes...
2025-10-26 10:21:38.238 [info] Got 0 sessions for ...
2025-10-26 10:21:38.239 [info] Getting sessions for all scopes...
2025-10-26 10:21:38.239 [info] Got 0 sessions for ...
2025-10-26 10:21:38.239 [info] Getting sessions for all scopes...
2025-10-26 10:21:38.239 [info] Got 0 sessions for ...
2025-10-26 10:21:38.532 [info] Getting sessions for all scopes...
2025-10-26 10:21:38.532 [info] Got 0 sessions for ...
2025-10-26 10:21:38.532 [info] Getting sessions for all scopes...
2025-10-26 10:21:38.532 [info] Got 0 sessions for ...
2025-10-26 10:21:38.532 [info] Getting sessions for all scopes...
2025-10-26 10:21:38.532 [info] Got 0 sessions for ...
2025-10-26 10:21:38.532 [info] Getting sessions for all scopes...
2025-10-26 10:21:38.532 [info] Got 0 sessions for ...
2025-10-26 10:21:38.532 [info] Getting sessions for all scopes...
2025-10-26 10:21:38.532 [info] Got 0 sessions for ...
2025-10-26 10:21:38.532 [info] Getting sessions for all scopes...
2025-10-26 10:21:38.532 [info] Got 0 sessions for ...
2025-10-26 10:21:39.220 [info] Getting sessions for all scopes...
2025-10-26 10:21:39.220 [info] Got 0 sessions for ...
2025-10-26 10:21:39.229 [info] Getting sessions for read:user,repo,user:email,workflow...
2025-10-26 10:21:39.229 [info] Got 0 sessions for read:user,repo,user:email,workflow...
2025-10-26 10:21:39.947 [info] Getting sessions for all scopes...
2025-10-26 10:21:39.947 [info] Got 0 sessions for ...
2025-10-26 10:21:40.343 [info] Getting sessions for all scopes...
2025-10-26 10:21:40.344 [info] Got 0 sessions for ...
2025-10-26 10:21:40.344 [info] Getting sessions for all scopes...
2025-10-26 10:21:40.344 [info] Got 0 sessions for ...
2025-10-26 10:21:40.345 [info] Getting sessions for all scopes...
2025-10-26 10:21:40.345 [info] Got 0 sessions for ...
