2025-10-26 11:19:27.191 [info] Reading sessions from keychain...
2025-10-26 11:19:27.191 [info] Getting sessions for all scopes...
2025-10-26 11:19:27.249 [info] Got 0 sessions for ...
2025-10-26 11:19:27.249 [info] Getting sessions for all scopes...
2025-10-26 11:19:27.249 [info] Got 0 sessions for ...
2025-10-26 11:19:27.250 [info] Getting sessions for all scopes...
2025-10-26 11:19:27.250 [info] Got 0 sessions for ...
2025-10-26 11:19:27.250 [info] Getting sessions for all scopes...
2025-10-26 11:19:27.250 [info] Got 0 sessions for ...
2025-10-26 11:19:27.250 [info] Getting sessions for all scopes...
2025-10-26 11:19:27.250 [info] Got 0 sessions for ...
2025-10-26 11:19:27.250 [info] Getting sessions for all scopes...
2025-10-26 11:19:27.250 [info] Got 0 sessions for ...
2025-10-26 11:19:27.250 [info] Getting sessions for all scopes...
2025-10-26 11:19:27.250 [info] Got 0 sessions for ...
2025-10-26 11:19:27.383 [info] Getting sessions for all scopes...
2025-10-26 11:19:27.383 [info] Got 0 sessions for ...
2025-10-26 11:19:27.383 [info] Getting sessions for all scopes...
2025-10-26 11:19:27.383 [info] Got 0 sessions for ...
2025-10-26 11:19:27.385 [info] Getting sessions for all scopes...
2025-10-26 11:19:27.385 [info] Got 0 sessions for ...
2025-10-26 11:19:27.385 [info] Getting sessions for all scopes...
2025-10-26 11:19:27.385 [info] Got 0 sessions for ...
2025-10-26 11:19:27.386 [info] Getting sessions for all scopes...
2025-10-26 11:19:27.386 [info] Got 0 sessions for ...
2025-10-26 11:19:27.386 [info] Getting sessions for all scopes...
2025-10-26 11:19:27.386 [info] Got 0 sessions for ...
2025-10-26 11:19:28.126 [info] Getting sessions for read:user,repo,user:email,workflow...
2025-10-26 11:19:28.126 [info] Got 0 sessions for read:user,repo,user:email,workflow...
2025-10-26 11:19:28.152 [info] Getting sessions for all scopes...
2025-10-26 11:19:28.152 [info] Got 0 sessions for ...
2025-10-26 11:19:28.824 [info] Getting sessions for all scopes...
2025-10-26 11:19:28.824 [info] Got 0 sessions for ...
2025-10-26 11:19:29.080 [info] Getting sessions for all scopes...
2025-10-26 11:19:29.080 [info] Got 0 sessions for ...
2025-10-26 11:19:29.081 [info] Getting sessions for all scopes...
2025-10-26 11:19:29.081 [info] Got 0 sessions for ...
2025-10-26 11:19:29.085 [info] Getting sessions for all scopes...
2025-10-26 11:19:29.085 [info] Got 0 sessions for ...
2025-10-26 17:39:31.749 [info] Getting sessions for read:user,repo,user:email,workflow...
2025-10-26 17:39:31.750 [info] Got 0 sessions for read:user,repo,user:email,workflow...
