2025-10-29 23:21:05.045 [info] Reading sessions from keychain...
2025-10-29 23:21:05.045 [info] Getting sessions for all scopes...
2025-10-29 23:21:05.045 [info] Got 0 sessions for ...
2025-10-29 23:21:05.045 [info] Getting sessions for all scopes...
2025-10-29 23:21:05.045 [info] Got 0 sessions for ...
2025-10-29 23:21:05.045 [info] Getting sessions for all scopes...
2025-10-29 23:21:05.045 [info] Got 0 sessions for ...
2025-10-29 23:21:05.045 [info] Getting sessions for all scopes...
2025-10-29 23:21:05.045 [info] Got 0 sessions for ...
2025-10-29 23:21:05.045 [info] Getting sessions for all scopes...
2025-10-29 23:21:05.045 [info] Got 0 sessions for ...
2025-10-29 23:21:05.045 [info] Getting sessions for all scopes...
2025-10-29 23:21:05.045 [info] Got 0 sessions for ...
2025-10-29 23:21:05.045 [info] Getting sessions for all scopes...
2025-10-29 23:21:05.045 [info] Got 0 sessions for ...
2025-10-29 23:21:05.045 [info] Getting sessions for all scopes...
2025-10-29 23:21:05.045 [info] Got 0 sessions for ...
2025-10-29 23:21:05.045 [info] Getting sessions for all scopes...
2025-10-29 23:21:05.045 [info] Got 0 sessions for ...
2025-10-29 23:21:05.045 [info] Getting sessions for all scopes...
2025-10-29 23:21:05.045 [info] Got 0 sessions for ...
2025-10-29 23:21:05.045 [info] Getting sessions for all scopes...
2025-10-29 23:21:05.045 [info] Got 0 sessions for ...
2025-10-29 23:21:05.045 [info] Getting sessions for all scopes...
2025-10-29 23:21:05.045 [info] Got 0 sessions for ...
2025-10-29 23:21:05.045 [info] Getting sessions for all scopes...
2025-10-29 23:21:05.045 [info] Got 0 sessions for ...
2025-10-29 23:21:05.045 [info] Getting sessions for all scopes...
2025-10-29 23:21:05.045 [info] Got 0 sessions for ...
2025-10-29 23:21:05.045 [info] Getting sessions for all scopes...
2025-10-29 23:21:05.045 [info] Got 0 sessions for ...
2025-10-29 23:21:05.932 [info] Getting sessions for read:user,repo,user:email,workflow...
2025-10-29 23:21:05.932 [info] Got 0 sessions for read:user,repo,user:email,workflow...
2025-10-29 23:21:06.265 [info] Getting sessions for all scopes...
2025-10-29 23:21:06.265 [info] Got 0 sessions for ...
2025-10-29 23:21:06.595 [info] Getting sessions for all scopes...
2025-10-29 23:21:06.595 [info] Got 0 sessions for ...
2025-10-29 23:21:06.596 [info] Getting sessions for all scopes...
2025-10-29 23:21:06.596 [info] Got 0 sessions for ...
2025-10-29 23:21:06.596 [info] Getting sessions for all scopes...
2025-10-29 23:21:06.596 [info] Got 0 sessions for ...
2025-10-29 23:23:05.682 [info] Getting sessions for read:user,repo,user:email,workflow...
2025-10-29 23:23:05.682 [info] Got 0 sessions for read:user,repo,user:email,workflow...
