2025-10-30 15:06:11.503 [info] Reading sessions from keychain...
2025-10-30 15:06:11.503 [info] Getting sessions for all scopes...
2025-10-30 15:06:11.503 [info] Got 0 sessions for ...
2025-10-30 15:06:11.503 [info] Getting sessions for all scopes...
2025-10-30 15:06:11.503 [info] Got 0 sessions for ...
2025-10-30 15:06:11.503 [info] Getting sessions for all scopes...
2025-10-30 15:06:11.503 [info] Got 0 sessions for ...
2025-10-30 15:06:11.503 [info] Getting sessions for all scopes...
2025-10-30 15:06:11.503 [info] Got 0 sessions for ...
2025-10-30 15:06:11.503 [info] Getting sessions for all scopes...
2025-10-30 15:06:11.503 [info] Got 0 sessions for ...
2025-10-30 15:06:11.503 [info] Getting sessions for all scopes...
2025-10-30 15:06:11.503 [info] Got 0 sessions for ...
2025-10-30 15:06:11.503 [info] Getting sessions for all scopes...
2025-10-30 15:06:11.503 [info] Got 0 sessions for ...
2025-10-30 15:06:11.503 [info] Getting sessions for all scopes...
2025-10-30 15:06:11.503 [info] Got 0 sessions for ...
2025-10-30 15:06:11.503 [info] Getting sessions for all scopes...
2025-10-30 15:06:11.503 [info] Got 0 sessions for ...
2025-10-30 15:06:11.503 [info] Getting sessions for all scopes...
2025-10-30 15:06:11.503 [info] Got 0 sessions for ...
2025-10-30 15:06:11.503 [info] Getting sessions for all scopes...
2025-10-30 15:06:11.503 [info] Got 0 sessions for ...
2025-10-30 15:06:11.503 [info] Getting sessions for all scopes...
2025-10-30 15:06:11.503 [info] Got 0 sessions for ...
2025-10-30 15:06:11.503 [info] Getting sessions for all scopes...
2025-10-30 15:06:11.503 [info] Got 0 sessions for ...
2025-10-30 15:06:11.503 [info] Getting sessions for all scopes...
2025-10-30 15:06:11.503 [info] Got 0 sessions for ...
2025-10-30 15:06:11.503 [info] Getting sessions for all scopes...
2025-10-30 15:06:11.503 [info] Got 0 sessions for ...
2025-10-30 15:06:11.503 [info] Getting sessions for all scopes...
2025-10-30 15:06:11.503 [info] Got 0 sessions for ...
2025-10-30 15:06:11.503 [info] Getting sessions for all scopes...
2025-10-30 15:06:11.503 [info] Got 0 sessions for ...
2025-10-30 15:06:11.503 [info] Getting sessions for all scopes...
2025-10-30 15:06:11.503 [info] Got 0 sessions for ...
2025-10-30 15:06:11.503 [info] Getting sessions for all scopes...
2025-10-30 15:06:11.503 [info] Got 0 sessions for ...
2025-10-30 15:06:12.340 [info] Getting sessions for read:user,repo,user:email,workflow...
2025-10-30 15:06:12.340 [info] Got 0 sessions for read:user,repo,user:email,workflow...
2025-10-30 15:06:12.558 [info] Getting sessions for all scopes...
2025-10-30 15:06:12.558 [info] Got 0 sessions for ...
