2025-10-27 09:30:41.224 [info] Reading sessions from keychain...
2025-10-27 09:30:41.224 [info] Getting sessions for all scopes...
2025-10-27 09:30:41.318 [info] Got 0 sessions for ...
2025-10-27 09:30:41.318 [info] Getting sessions for all scopes...
2025-10-27 09:30:41.318 [info] Got 0 sessions for ...
2025-10-27 09:30:41.318 [info] Getting sessions for all scopes...
2025-10-27 09:30:41.318 [info] Got 0 sessions for ...
2025-10-27 09:30:41.319 [info] Getting sessions for all scopes...
2025-10-27 09:30:41.319 [info] Got 0 sessions for ...
2025-10-27 09:30:41.319 [info] Getting sessions for all scopes...
2025-10-27 09:30:41.319 [info] Got 0 sessions for ...
2025-10-27 09:30:41.319 [info] Getting sessions for all scopes...
2025-10-27 09:30:41.319 [info] Got 0 sessions for ...
2025-10-27 09:30:41.319 [info] Getting sessions for all scopes...
2025-10-27 09:30:41.319 [info] Got 0 sessions for ...
2025-10-27 09:30:41.380 [info] Getting sessions for all scopes...
2025-10-27 09:30:41.380 [info] Got 0 sessions for ...
2025-10-27 09:30:41.380 [info] Getting sessions for all scopes...
2025-10-27 09:30:41.380 [info] Got 0 sessions for ...
2025-10-27 09:30:41.380 [info] Getting sessions for all scopes...
2025-10-27 09:30:41.380 [info] Got 0 sessions for ...
2025-10-27 09:30:41.380 [info] Getting sessions for all scopes...
2025-10-27 09:30:41.380 [info] Got 0 sessions for ...
2025-10-27 09:30:41.380 [info] Getting sessions for all scopes...
2025-10-27 09:30:41.380 [info] Got 0 sessions for ...
2025-10-27 09:30:41.381 [info] Getting sessions for all scopes...
2025-10-27 09:30:41.381 [info] Got 0 sessions for ...
2025-10-27 09:30:41.869 [info] Getting sessions for all scopes...
2025-10-27 09:30:41.869 [info] Got 0 sessions for ...
2025-10-27 09:30:41.880 [info] Getting sessions for read:user,repo,user:email,workflow...
2025-10-27 09:30:41.880 [info] Got 0 sessions for read:user,repo,user:email,workflow...
2025-10-27 09:30:42.477 [info] Getting sessions for all scopes...
2025-10-27 09:30:42.478 [info] Got 0 sessions for ...
2025-10-27 09:30:42.826 [info] Getting sessions for all scopes...
2025-10-27 09:30:42.826 [info] Got 0 sessions for ...
2025-10-27 09:30:42.826 [info] Getting sessions for all scopes...
2025-10-27 09:30:42.826 [info] Got 0 sessions for ...
2025-10-27 09:30:42.840 [info] Getting sessions for all scopes...
2025-10-27 09:30:42.840 [info] Got 0 sessions for ...
2025-10-27 09:30:44.210 [info] Getting sessions for read:user,repo,user:email,workflow...
2025-10-27 09:30:44.210 [info] Got 0 sessions for read:user,repo,user:email,workflow...
2025-10-27 11:28:35.246 [info] Getting sessions for all scopes...
2025-10-27 11:28:35.246 [info] Got 0 sessions for ...
